<?xml version="1.0" encoding="UTF-8"?>
<testng-results ignored="0" total="1" passed="1" failed="0" skipped="0">
  <reporter-output>
  </reporter-output>
  <suite started-at="2023-11-23T18:59:15 IST" name="Surefire suite" finished-at="2023-11-23T18:59:34 IST" duration-ms="18980">
    <groups>
    </groups>
    <test started-at="2023-11-23T18:59:15 IST" name="Surefire test" finished-at="2023-11-23T18:59:34 IST" duration-ms="18980">
      <class name="MavenTestNG.MavenTestNG.AppTest">
        <test-method signature="startBrowser()[pri:0, instance:MavenTestNG.MavenTestNG.AppTest@65b3f4a4]" started-at="2023-11-23T18:59:15 IST" name="startBrowser" finished-at="2023-11-23T18:59:34 IST" duration-ms="18842" status="PASS">
          <reporter-output>
          </reporter-output>
        </test-method> <!-- startBrowser -->
      </class> <!-- MavenTestNG.MavenTestNG.AppTest -->
    </test> <!-- Surefire test -->
  </suite> <!-- Surefire suite -->
</testng-results>
